node:events:497
      throw er; // Unhandled 'error' event
      ^

Error: listen EADDRINUSE: address already in use :::3001
    at Server.setupListenHandle [as _listen2] (node:net:1934:16)
    at listenInCluster (node:net:1991:12)
    at Server.listen (node:net:2096:7)
    at Object.<anonymous> (/home/mobta/Black_Mic/server.js:107:8)
    at Module._compile (node:internal/modules/cjs/loader:1705:14)
    at Module._extensions..js (node:internal/modules/cjs/loader:1838:10)
    at Module.load (node:internal/modules/cjs/loader:1441:32)
    at Module._load (node:internal/modules/cjs/loader:1263:12)
    at TracingChannel.traceSync (node:diagnostics_channel:328:14)
    at wrapModuleLoad (node:internal/modules/cjs/loader:237:24)
Emitted 'error' event on Server instance at:
    at emitErrorNT (node:net:1970:8)
    at process.processTicksAndRejections (node:internal/process/task_queues:89:21) {
  code: 'EADDRINUSE',
  errno: -98,
  syscall: 'listen',
  address: '::',
  port: 3001
}

Node.js v22.22.1
